::1 - - [23/Aug/2023:11:05:36 +0000] "GET / HTTP/1.1" 404 139 "-" "PostmanRuntime/7.32.2"
::1 - - [23/Aug/2023:11:07:55 +0000] "GET / HTTP/1.1" 404 139 "-" "PostmanRuntime/7.32.2"
::1 - - [23/Aug/2023:11:07:57 +0000] "GET / HTTP/1.1" 404 139 "-" "PostmanRuntime/7.32.2"
::1 - - [23/Aug/2023:11:08:02 +0000] "GET /user HTTP/1.1" 404 143 "-" "PostmanRuntime/7.32.2"
::1 - - [23/Aug/2023:11:08:06 +0000] "GET /users HTTP/1.1" 404 144 "-" "PostmanRuntime/7.32.2"
::1 - - [23/Aug/2023:11:08:20 +0000] "GET /users HTTP/1.1" 404 144 "-" "PostmanRuntime/7.32.2"
::1 - - [23/Aug/2023:11:08:26 +0000] "GET / HTTP/1.1" 404 139 "-" "PostmanRuntime/7.32.2"
::1 - - [23/Aug/2023:11:25:03 +0000] "POST /todo HTTP/1.1" 404 144 "-" "PostmanRuntime/7.32.2"
::1 - - [23/Aug/2023:11:25:17 +0000] "POST /todos HTTP/1.1" 400 64 "-" "PostmanRuntime/7.32.2"
::1 - - [23/Aug/2023:11:28:46 +0000] "POST /todos HTTP/1.1" 400 64 "-" "PostmanRuntime/7.32.2"
::1 - - [23/Aug/2023:11:29:17 +0000] "POST / HTTP/1.1" 404 140 "-" "PostmanRuntime/7.32.2"
::1 - - [23/Aug/2023:11:29:27 +0000] "POST /user HTTP/1.1" 404 144 "-" "PostmanRuntime/7.32.2"
::1 - - [23/Aug/2023:11:29:31 +0000] "POST /users HTTP/1.1" 404 145 "-" "PostmanRuntime/7.32.2"
::1 - - [23/Aug/2023:11:29:36 +0000] "POST /todo HTTP/1.1" 404 144 "-" "PostmanRuntime/7.32.2"
::1 - - [23/Aug/2023:11:29:40 +0000] "POST /todos HTTP/1.1" 400 64 "-" "PostmanRuntime/7.32.2"
::1 - - [23/Aug/2023:11:31:12 +0000] "GET /todos HTTP/1.1" 200 - "-" "PostmanRuntime/7.32.2"
::1 - - [23/Aug/2023:11:31:21 +0000] "GET /todos HTTP/1.1" 400 1106 "-" "PostmanRuntime/7.32.2"
::1 - - [23/Aug/2023:11:34:35 +0000] "GET /todos HTTP/1.1" 200 - "-" "PostmanRuntime/7.32.2"
::1 - - [23/Aug/2023:11:34:42 +0000] "POST /todos HTTP/1.1" 500 1348 "-" "PostmanRuntime/7.32.2"
::1 - - [23/Aug/2023:11:34:47 +0000] "POST /todos/ HTTP/1.1" 500 1348 "-" "PostmanRuntime/7.32.2"
